25 Aug 2016 15:04:59,886 DEBUG [main] provisioning.AnnotationMetamodelAssembler processing package org.plasma.provisioning.example.common
25 Aug 2016 15:05:00,071 DEBUG [main] provisioning.AnnotationMetamodelAssembler created leaf package org.plasma.provisioning.example.common as http://org.plasma.provisioning.example.common
25 Aug 2016 15:05:00,071 DEBUG [main] provisioning.AnnotationMetamodelAssembler processing package org.plasma.provisioning.example.pers
25 Aug 2016 15:05:00,072 DEBUG [main] provisioning.AnnotationMetamodelAssembler created leaf package org.plasma.provisioning.example.pers as http://org.plasma.provisioning.example.pers
25 Aug 2016 15:05:00,072 DEBUG [main] provisioning.AnnotationMetamodelAssembler processing package org.plasma.provisioning.example.org
25 Aug 2016 15:05:00,073 DEBUG [main] provisioning.AnnotationMetamodelAssembler created leaf package org.plasma.provisioning.example.org as http://org.plasma.provisioning.example.org
25 Aug 2016 15:05:00,073 DEBUG [main] provisioning.AnnotationMetamodelAssembler processing package org.plasma.provisioning.example.org
25 Aug 2016 15:05:00,074 DEBUG [main] provisioning.AnnotationMetamodelAssembler discovered org.plasma.provisioning.example.common.Concurrent
25 Aug 2016 15:05:00,081 DEBUG [main] provisioning.AnnotationMetamodelAssembler initializing class: http://org.plasma.provisioning.example.common#Concurrent
25 Aug 2016 15:05:00,081 DEBUG [main] provisioning.AnnotationMetamodelAssembler discovered org.plasma.provisioning.example.pers.Person
25 Aug 2016 15:05:00,083 DEBUG [main] provisioning.AnnotationMetamodelAssembler initializing class: http://org.plasma.provisioning.example.pers#Person
25 Aug 2016 15:05:00,083 DEBUG [main] provisioning.AnnotationMetamodelAssembler discovered org.plasma.provisioning.example.org.Staples
25 Aug 2016 15:05:00,084 DEBUG [main] provisioning.AnnotationMetamodelAssembler initializing class: http://org.plasma.provisioning.example.org#Staples
25 Aug 2016 15:05:00,084 DEBUG [main] provisioning.AnnotationMetamodelAssembler discovered org.plasma.provisioning.example.org.Organization
25 Aug 2016 15:05:00,085 DEBUG [main] provisioning.AnnotationMetamodelAssembler initializing class: http://org.plasma.provisioning.example.org#Organization
25 Aug 2016 15:05:00,085 DEBUG [main] provisioning.AnnotationMetamodelAssembler processing class: http://org.plasma.provisioning.example.common#Concurrent
25 Aug 2016 15:05:00,089 DEBUG [main] provisioning.AnnotationMetamodelAssembler processing data field: http://org.plasma.provisioning.example.common#Concurrent.createdDate
25 Aug 2016 15:05:00,099 DEBUG [main] config.PlasmaConfig initializing...
25 Aug 2016 15:05:00,107 DEBUG [main] config.PlasmaConfigDataBinding loading schema chain...
25 Aug 2016 15:11:25,304 DEBUG [main] provisioning.AnnotationMetamodelAssembler processing package org.plasma.provisioning.example.org
25 Aug 2016 15:11:25,491 DEBUG [main] provisioning.AnnotationMetamodelAssembler created leaf package org.plasma.provisioning.example.org as http://org.plasma.provisioning.example.org
25 Aug 2016 15:11:25,491 DEBUG [main] provisioning.AnnotationMetamodelAssembler processing package org.plasma.provisioning.example.org
25 Aug 2016 15:11:25,492 DEBUG [main] provisioning.AnnotationMetamodelAssembler processing package org.plasma.provisioning.example.pers
25 Aug 2016 15:11:25,492 DEBUG [main] provisioning.AnnotationMetamodelAssembler created leaf package org.plasma.provisioning.example.pers as http://org.plasma.provisioning.example.pers
25 Aug 2016 15:11:25,493 DEBUG [main] provisioning.AnnotationMetamodelAssembler processing package org.plasma.provisioning.example.common
25 Aug 2016 15:11:25,494 DEBUG [main] provisioning.AnnotationMetamodelAssembler created leaf package org.plasma.provisioning.example.common as http://org.plasma.provisioning.example.common
25 Aug 2016 15:11:25,494 DEBUG [main] provisioning.AnnotationMetamodelAssembler discovered org.plasma.provisioning.example.org.Organization
25 Aug 2016 15:11:25,504 DEBUG [main] provisioning.AnnotationMetamodelAssembler initializing class: http://org.plasma.provisioning.example.org#Organization
25 Aug 2016 15:11:25,504 DEBUG [main] provisioning.AnnotationMetamodelAssembler discovered org.plasma.provisioning.example.org.Staples
25 Aug 2016 15:11:25,505 DEBUG [main] provisioning.AnnotationMetamodelAssembler initializing class: http://org.plasma.provisioning.example.org#Staples
25 Aug 2016 15:11:25,505 DEBUG [main] provisioning.AnnotationMetamodelAssembler discovered org.plasma.provisioning.example.pers.Person
25 Aug 2016 15:11:25,506 DEBUG [main] provisioning.AnnotationMetamodelAssembler initializing class: http://org.plasma.provisioning.example.pers#Person
25 Aug 2016 15:11:25,506 DEBUG [main] provisioning.AnnotationMetamodelAssembler discovered org.plasma.provisioning.example.common.Concurrent
25 Aug 2016 15:11:25,506 DEBUG [main] provisioning.AnnotationMetamodelAssembler initializing class: http://org.plasma.provisioning.example.common#Concurrent
25 Aug 2016 15:11:25,506 DEBUG [main] provisioning.AnnotationMetamodelAssembler processing class: http://org.plasma.provisioning.example.org#Organization
25 Aug 2016 15:11:25,513 DEBUG [main] provisioning.AnnotationMetamodelAssembler processing data field: http://org.plasma.provisioning.example.org#Organization.name
25 Aug 2016 15:11:25,524 DEBUG [main] config.PlasmaConfig initializing...
25 Aug 2016 15:11:25,529 DEBUG [main] config.PlasmaConfigDataBinding loading schema chain...
25 Aug 2016 15:13:21,394 DEBUG [main] provisioning.AnnotationMetamodelAssembler processing package org.plasma.provisioning.example.org
25 Aug 2016 15:13:21,587 DEBUG [main] provisioning.AnnotationMetamodelAssembler created leaf package org.plasma.provisioning.example.org as http://org.plasma.provisioning.example.org
25 Aug 2016 15:13:21,587 DEBUG [main] provisioning.AnnotationMetamodelAssembler processing package org.plasma.provisioning.example.org
25 Aug 2016 15:13:21,587 DEBUG [main] provisioning.AnnotationMetamodelAssembler processing package org.plasma.provisioning.example.pers
25 Aug 2016 15:13:21,588 DEBUG [main] provisioning.AnnotationMetamodelAssembler created leaf package org.plasma.provisioning.example.pers as http://org.plasma.provisioning.example.pers
25 Aug 2016 15:13:21,588 DEBUG [main] provisioning.AnnotationMetamodelAssembler processing package org.plasma.provisioning.example.common
25 Aug 2016 15:13:21,589 DEBUG [main] provisioning.AnnotationMetamodelAssembler created leaf package org.plasma.provisioning.example.common as http://org.plasma.provisioning.example.common
25 Aug 2016 15:13:21,590 DEBUG [main] provisioning.AnnotationMetamodelAssembler discovered org.plasma.provisioning.example.org.Organization
25 Aug 2016 15:13:21,597 DEBUG [main] provisioning.AnnotationMetamodelAssembler initializing class: http://org.plasma.provisioning.example.org#Organization
25 Aug 2016 15:13:21,597 DEBUG [main] provisioning.AnnotationMetamodelAssembler discovered org.plasma.provisioning.example.org.Staples
25 Aug 2016 15:13:21,598 DEBUG [main] provisioning.AnnotationMetamodelAssembler initializing class: http://org.plasma.provisioning.example.org#Staples
25 Aug 2016 15:13:21,598 DEBUG [main] provisioning.AnnotationMetamodelAssembler discovered org.plasma.provisioning.example.pers.Person
25 Aug 2016 15:13:21,598 DEBUG [main] provisioning.AnnotationMetamodelAssembler initializing class: http://org.plasma.provisioning.example.pers#Person
25 Aug 2016 15:13:21,599 DEBUG [main] provisioning.AnnotationMetamodelAssembler discovered org.plasma.provisioning.example.common.Concurrent
25 Aug 2016 15:13:21,599 DEBUG [main] provisioning.AnnotationMetamodelAssembler initializing class: http://org.plasma.provisioning.example.common#Concurrent
25 Aug 2016 15:13:21,599 DEBUG [main] provisioning.AnnotationMetamodelAssembler processing class: http://org.plasma.provisioning.example.org#Organization
25 Aug 2016 15:13:21,606 DEBUG [main] provisioning.AnnotationMetamodelAssembler processing data field: http://org.plasma.provisioning.example.org#Organization.name
25 Aug 2016 15:13:21,616 DEBUG [main] config.PlasmaConfig initializing...
25 Aug 2016 15:13:21,623 DEBUG [main] config.PlasmaConfigDataBinding loading schema chain...
25 Aug 2016 15:13:22,046 DEBUG [main] config.PlasmaConfig loading known UML/XMI artifact, Plasma_SDO_Profile_v1_1.mdxml (http://www.magicdraw.com/schemas/Plasma_SDO_Profile.xmi)
25 Aug 2016 15:13:22,048 INFO  [main] fuml.Fuml loading artifact, Plasma_SDO_Profile_v1_1.mdxml
25 Aug 2016 15:13:22,117 INFO  [main] config.FumlConfiguration initializing...
25 Aug 2016 15:13:22,120 INFO  [main] config.FumlConfigDataBinding loading schema chain...
25 Aug 2016 15:13:22,180 INFO  [main] config.FumlConfiguration loading configuration, test-plasma-fuml-config.xml
25 Aug 2016 15:13:22,205 FATAL [main] bind.DefaultValidationEventHandler Line:Col:Offset[158:21:-1] - cvc-complex-type.2.4.b: The content of element 'cfg:Configuration' is not complete. One of '{LibraryConfiguration}' is expected.
25 Aug 2016 15:13:22,325 INFO  [main] model.InMemoryRepository initializing...
25 Aug 2016 15:13:22,329 INFO  [main] repository.RepositoryConfigDataBinding loading schema chain...
25 Aug 2016 15:13:22,375 INFO  [main] model.PrimitiveTypesAssembler initializing...
25 Aug 2016 15:13:22,400 INFO  [main] model.InfrastructureAssembler initializing...
25 Aug 2016 15:13:22,453 INFO  [main] model.SuperstructureAssembler initializing...
25 Aug 2016 15:13:22,483 INFO  [main] model.fUML_SyntaxAssembler initializing...
25 Aug 2016 15:13:22,488 INFO  [main] model.InMemoryRepository performing package merge...
25 Aug 2016 15:13:22,514 INFO  [main] model.InMemoryRepository cacheing classifier attributes and operations...
25 Aug 2016 15:13:22,546 INFO  [main] library.Library initializing...
25 Aug 2016 15:13:23,004 DEBUG [main] provisioning.AnnotationMetamodelAssembler processing data field: http://org.plasma.provisioning.example.org#Organization.type
25 Aug 2016 15:13:23,009 DEBUG [main] provisioning.AnnotationMetamodelAssembler processing reference field: http://org.plasma.provisioning.example.org#Organization.employees
25 Aug 2016 15:13:23,010 DEBUG [main] provisioning.AnnotationMetamodelAssembler processing class: http://org.plasma.provisioning.example.org#Staples
25 Aug 2016 15:13:23,010 DEBUG [main] provisioning.AnnotationMetamodelAssembler processing data field: http://org.plasma.provisioning.example.org#Staples.STAPLES_STORE_ID_
25 Aug 2016 15:13:23,011 DEBUG [main] provisioning.AnnotationMetamodelAssembler processing data field: http://org.plasma.provisioning.example.org#Staples.OTHER_NAMES
25 Aug 2016 15:13:23,011 DEBUG [main] provisioning.AnnotationMetamodelAssembler processing class: http://org.plasma.provisioning.example.pers#Person
25 Aug 2016 15:13:23,012 DEBUG [main] provisioning.AnnotationMetamodelAssembler processing data field: http://org.plasma.provisioning.example.pers#Person.name
25 Aug 2016 15:13:23,012 DEBUG [main] provisioning.AnnotationMetamodelAssembler processing data field: http://org.plasma.provisioning.example.pers#Person.age
25 Aug 2016 15:13:23,012 DEBUG [main] provisioning.AnnotationMetamodelAssembler processing data field: http://org.plasma.provisioning.example.pers#Person.dateOfBirth
25 Aug 2016 15:13:23,013 DEBUG [main] provisioning.AnnotationMetamodelAssembler processing reference field: http://org.plasma.provisioning.example.pers#Person.org
25 Aug 2016 15:13:23,014 DEBUG [main] provisioning.AnnotationMetamodelAssembler processing class: http://org.plasma.provisioning.example.common#Concurrent
25 Aug 2016 15:13:23,015 DEBUG [main] provisioning.AnnotationMetamodelAssembler processing data field: http://org.plasma.provisioning.example.common#Concurrent.createdDate
25 Aug 2016 15:13:23,015 DEBUG [main] provisioning.AnnotationMetamodelAssembler processing data field: http://org.plasma.provisioning.example.common#Concurrent.lastUpdatedBy
25 Aug 2016 15:13:23,016 DEBUG [main] provisioning.AnnotationMetamodelAssembler processing data field: http://org.plasma.provisioning.example.common#Concurrent.lastUpdatedDate
25 Aug 2016 15:13:23,021 DEBUG [main] adapter.ModelAdapter constructing...
25 Aug 2016 15:13:23,021 DEBUG [main] adapter.ModelAdapter mapping enumerations for package http://derived-artifact/3127e78e-aabc-48b3-b396-dc75c2dbefaa (org)
25 Aug 2016 15:13:23,022 DEBUG [main] adapter.ModelAdapter mapping enumerations for package null (plasma)
25 Aug 2016 15:13:23,023 DEBUG [main] adapter.ModelAdapter mapping enumerations for package null (provisioning)
25 Aug 2016 15:13:23,024 DEBUG [main] adapter.ModelAdapter mapping enumerations for package null (example)
25 Aug 2016 15:13:23,025 DEBUG [main] adapter.ModelAdapter mapping enumerations for package http://org.plasma.provisioning.example.org (org)
25 Aug 2016 15:13:23,025 DEBUG [main] adapter.ModelAdapter mapping enumeration: http://org.plasma.provisioning.example.org#OrgType
25 Aug 2016 15:13:23,027 DEBUG [main] adapter.ModelAdapter mapping enumerations for package http://org.plasma.provisioning.example.pers (pers)
25 Aug 2016 15:13:23,027 DEBUG [main] adapter.ModelAdapter mapping enumerations for package http://org.plasma.provisioning.example.common (common)
25 Aug 2016 15:13:23,028 DEBUG [main] adapter.ModelAdapter mapping class: http://org.plasma.provisioning.example.org#Organization
25 Aug 2016 15:13:23,029 DEBUG [main] adapter.ModelAdapter map: http://org.plasma.provisioning.example.org#Organization
25 Aug 2016 15:13:23,030 DEBUG [main] adapter.ModelAdapter mapping class: http://org.plasma.provisioning.example.org#Staples
25 Aug 2016 15:13:23,030 DEBUG [main] adapter.ModelAdapter map: http://org.plasma.provisioning.example.org#Staples
25 Aug 2016 15:13:23,031 DEBUG [main] adapter.ModelAdapter mapping class: http://org.plasma.provisioning.example.pers#Person
25 Aug 2016 15:13:23,032 DEBUG [main] adapter.ModelAdapter map: http://org.plasma.provisioning.example.pers#Person
25 Aug 2016 15:13:23,032 DEBUG [main] adapter.ModelAdapter mapping class: http://org.plasma.provisioning.example.common#Concurrent
25 Aug 2016 15:13:23,035 DEBUG [main] adapter.ModelAdapter map: http://org.plasma.provisioning.example.common#Concurrent
25 Aug 2016 15:13:23,036 DEBUG [main] adapter.ModelAdapter constructing class: http://org.plasma.provisioning.example.common#Concurrent
25 Aug 2016 15:13:23,037 DEBUG [main] adapter.ModelAdapter constructing class: http://org.plasma.provisioning.example.org#Staples
25 Aug 2016 15:13:23,037 DEBUG [main] adapter.ModelAdapter constructing class: http://org.plasma.provisioning.example.pers#Person
25 Aug 2016 15:13:23,037 DEBUG [main] adapter.ModelAdapter constructing class: http://org.plasma.provisioning.example.org#Organization
25 Aug 2016 15:13:23,037 DEBUG [main] adapter.ModelAdapter construct deep: http://org.plasma.provisioning.example.org#Staples
25 Aug 2016 15:13:23,038 DEBUG [main] adapter.ModelAdapter construct deep: http://org.plasma.provisioning.example.org#Staples
25 Aug 2016 15:13:23,042 INFO  [main] provisioning.MetamodelDataBinding loading schema chain...
25 Aug 2016 15:35:02,178 DEBUG [main] provisioning.AnnotationMetamodelAssembler processing package org.plasma.provisioning.example.org
25 Aug 2016 15:35:02,378 DEBUG [main] provisioning.AnnotationMetamodelAssembler created leaf package org.plasma.provisioning.example.org as http://org.plasma.provisioning.example.org
25 Aug 2016 15:35:02,379 DEBUG [main] provisioning.AnnotationMetamodelAssembler processing package org.plasma.provisioning.example.org
25 Aug 2016 15:35:02,380 DEBUG [main] provisioning.AnnotationMetamodelAssembler processing package org.plasma.provisioning.example.pers
25 Aug 2016 15:35:02,381 DEBUG [main] provisioning.AnnotationMetamodelAssembler created leaf package org.plasma.provisioning.example.pers as http://org.plasma.provisioning.example.pers
25 Aug 2016 15:35:02,381 DEBUG [main] provisioning.AnnotationMetamodelAssembler processing package org.plasma.provisioning.example.common
25 Aug 2016 15:35:02,382 DEBUG [main] provisioning.AnnotationMetamodelAssembler created leaf package org.plasma.provisioning.example.common as http://org.plasma.provisioning.example.common
25 Aug 2016 15:35:02,382 DEBUG [main] provisioning.AnnotationMetamodelAssembler discovered org.plasma.provisioning.example.org.Organization
25 Aug 2016 15:35:02,392 DEBUG [main] provisioning.AnnotationMetamodelAssembler initializing class: http://org.plasma.provisioning.example.org#Organization
25 Aug 2016 15:35:02,392 DEBUG [main] provisioning.AnnotationMetamodelAssembler discovered org.plasma.provisioning.example.org.Staples
25 Aug 2016 15:35:02,393 DEBUG [main] provisioning.AnnotationMetamodelAssembler initializing class: http://org.plasma.provisioning.example.org#Staples
25 Aug 2016 15:35:02,394 DEBUG [main] provisioning.AnnotationMetamodelAssembler discovered org.plasma.provisioning.example.pers.Person
25 Aug 2016 15:35:02,394 DEBUG [main] provisioning.AnnotationMetamodelAssembler initializing class: http://org.plasma.provisioning.example.pers#Person
25 Aug 2016 15:35:02,395 DEBUG [main] provisioning.AnnotationMetamodelAssembler discovered org.plasma.provisioning.example.common.Concurrent
25 Aug 2016 15:35:02,395 DEBUG [main] provisioning.AnnotationMetamodelAssembler initializing class: http://org.plasma.provisioning.example.common#Concurrent
25 Aug 2016 15:35:02,395 DEBUG [main] provisioning.AnnotationMetamodelAssembler processing class: http://org.plasma.provisioning.example.org#Organization
25 Aug 2016 15:35:02,403 DEBUG [main] provisioning.AnnotationMetamodelAssembler processing data field: http://org.plasma.provisioning.example.org#Organization.name
25 Aug 2016 15:35:02,415 DEBUG [main] config.PlasmaConfig initializing...
25 Aug 2016 15:35:02,422 DEBUG [main] config.PlasmaConfigDataBinding loading schema chain...
25 Aug 2016 15:35:02,886 DEBUG [main] config.PlasmaConfig loading known UML/XMI artifact, Plasma_SDO_Profile_v1_1.mdxml (http://www.magicdraw.com/schemas/Plasma_SDO_Profile.xmi)
25 Aug 2016 15:35:02,889 INFO  [main] fuml.Fuml loading artifact, Plasma_SDO_Profile_v1_1.mdxml
25 Aug 2016 15:35:02,964 INFO  [main] config.FumlConfiguration initializing...
25 Aug 2016 15:35:02,967 INFO  [main] config.FumlConfigDataBinding loading schema chain...
25 Aug 2016 15:35:03,035 INFO  [main] config.FumlConfiguration loading configuration, test-plasma-fuml-config.xml
25 Aug 2016 15:35:03,060 FATAL [main] bind.DefaultValidationEventHandler Line:Col:Offset[158:21:-1] - cvc-complex-type.2.4.b: The content of element 'cfg:Configuration' is not complete. One of '{LibraryConfiguration}' is expected.
25 Aug 2016 15:35:03,192 INFO  [main] model.InMemoryRepository initializing...
25 Aug 2016 15:35:03,193 INFO  [main] repository.RepositoryConfigDataBinding loading schema chain...
25 Aug 2016 15:35:03,227 INFO  [main] model.PrimitiveTypesAssembler initializing...
25 Aug 2016 15:35:03,247 INFO  [main] model.InfrastructureAssembler initializing...
25 Aug 2016 15:35:03,295 INFO  [main] model.SuperstructureAssembler initializing...
25 Aug 2016 15:35:03,324 INFO  [main] model.fUML_SyntaxAssembler initializing...
25 Aug 2016 15:35:03,331 INFO  [main] model.InMemoryRepository performing package merge...
25 Aug 2016 15:35:03,360 INFO  [main] model.InMemoryRepository cacheing classifier attributes and operations...
25 Aug 2016 15:35:03,394 INFO  [main] library.Library initializing...
25 Aug 2016 15:35:03,845 DEBUG [main] provisioning.AnnotationMetamodelAssembler processing data field: http://org.plasma.provisioning.example.org#Organization.type
25 Aug 2016 15:35:03,850 DEBUG [main] provisioning.AnnotationMetamodelAssembler processing reference field: http://org.plasma.provisioning.example.org#Organization.employees
25 Aug 2016 15:35:03,850 DEBUG [main] provisioning.AnnotationMetamodelAssembler processing class: http://org.plasma.provisioning.example.org#Staples
25 Aug 2016 15:35:03,851 DEBUG [main] provisioning.AnnotationMetamodelAssembler processing data field: http://org.plasma.provisioning.example.org#Staples.STAPLES_STORE_ID_
25 Aug 2016 15:35:03,851 DEBUG [main] provisioning.AnnotationMetamodelAssembler processing data field: http://org.plasma.provisioning.example.org#Staples.OTHER_NAMES
25 Aug 2016 15:35:03,852 DEBUG [main] provisioning.AnnotationMetamodelAssembler processing class: http://org.plasma.provisioning.example.pers#Person
25 Aug 2016 15:35:03,852 DEBUG [main] provisioning.AnnotationMetamodelAssembler processing data field: http://org.plasma.provisioning.example.pers#Person.name
25 Aug 2016 15:35:03,853 DEBUG [main] provisioning.AnnotationMetamodelAssembler processing data field: http://org.plasma.provisioning.example.pers#Person.age
25 Aug 2016 15:35:03,853 DEBUG [main] provisioning.AnnotationMetamodelAssembler processing data field: http://org.plasma.provisioning.example.pers#Person.dateOfBirth
25 Aug 2016 15:35:03,853 DEBUG [main] provisioning.AnnotationMetamodelAssembler processing reference field: http://org.plasma.provisioning.example.pers#Person.org
25 Aug 2016 15:35:03,854 DEBUG [main] provisioning.AnnotationMetamodelAssembler processing class: http://org.plasma.provisioning.example.common#Concurrent
25 Aug 2016 15:35:03,854 DEBUG [main] provisioning.AnnotationMetamodelAssembler processing data field: http://org.plasma.provisioning.example.common#Concurrent.createdDate
25 Aug 2016 15:35:03,855 DEBUG [main] provisioning.AnnotationMetamodelAssembler processing data field: http://org.plasma.provisioning.example.common#Concurrent.lastUpdatedBy
25 Aug 2016 15:35:03,855 DEBUG [main] provisioning.AnnotationMetamodelAssembler processing data field: http://org.plasma.provisioning.example.common#Concurrent.lastUpdatedDate
25 Aug 2016 15:35:03,858 DEBUG [main] adapter.ModelAdapter constructing...
25 Aug 2016 15:35:03,859 DEBUG [main] adapter.ModelAdapter mapping enumerations for package http://derived-artifact/c94ad20a-30f5-4183-951d-a9f86c8df7fa (org)
25 Aug 2016 15:35:03,859 DEBUG [main] adapter.ModelAdapter mapping enumerations for package null (plasma)
25 Aug 2016 15:35:03,859 DEBUG [main] adapter.ModelAdapter mapping enumerations for package null (provisioning)
25 Aug 2016 15:35:03,859 DEBUG [main] adapter.ModelAdapter mapping enumerations for package null (example)
25 Aug 2016 15:35:03,860 DEBUG [main] adapter.ModelAdapter mapping enumerations for package http://org.plasma.provisioning.example.org (org)
25 Aug 2016 15:35:03,860 DEBUG [main] adapter.ModelAdapter mapping enumeration: http://org.plasma.provisioning.example.org#OrgType
25 Aug 2016 15:35:03,861 DEBUG [main] adapter.ModelAdapter mapping enumerations for package http://org.plasma.provisioning.example.pers (pers)
25 Aug 2016 15:35:03,861 DEBUG [main] adapter.ModelAdapter mapping enumerations for package http://org.plasma.provisioning.example.common (common)
25 Aug 2016 15:35:03,862 DEBUG [main] adapter.ModelAdapter mapping class: http://org.plasma.provisioning.example.org#Organization
25 Aug 2016 15:35:03,862 DEBUG [main] adapter.ModelAdapter map: http://org.plasma.provisioning.example.org#Organization
25 Aug 2016 15:35:03,862 DEBUG [main] adapter.ModelAdapter mapping class: http://org.plasma.provisioning.example.org#Staples
25 Aug 2016 15:35:03,863 DEBUG [main] adapter.ModelAdapter map: http://org.plasma.provisioning.example.org#Staples
25 Aug 2016 15:35:03,863 DEBUG [main] adapter.ModelAdapter mapping class: http://org.plasma.provisioning.example.pers#Person
25 Aug 2016 15:35:03,863 DEBUG [main] adapter.ModelAdapter map: http://org.plasma.provisioning.example.pers#Person
25 Aug 2016 15:35:03,864 DEBUG [main] adapter.ModelAdapter mapping class: http://org.plasma.provisioning.example.common#Concurrent
25 Aug 2016 15:35:03,865 DEBUG [main] adapter.ModelAdapter map: http://org.plasma.provisioning.example.common#Concurrent
25 Aug 2016 15:35:03,865 DEBUG [main] adapter.ModelAdapter constructing class: http://org.plasma.provisioning.example.common#Concurrent
25 Aug 2016 15:35:03,865 DEBUG [main] adapter.ModelAdapter constructing class: http://org.plasma.provisioning.example.org#Staples
25 Aug 2016 15:35:03,866 DEBUG [main] adapter.ModelAdapter constructing class: http://org.plasma.provisioning.example.pers#Person
25 Aug 2016 15:35:03,866 DEBUG [main] adapter.ModelAdapter constructing class: http://org.plasma.provisioning.example.org#Organization
25 Aug 2016 15:35:03,866 DEBUG [main] adapter.ModelAdapter construct deep: http://org.plasma.provisioning.example.org#Staples
25 Aug 2016 15:35:03,867 DEBUG [main] adapter.ModelAdapter construct deep: http://org.plasma.provisioning.example.org#Staples
25 Aug 2016 15:35:03,870 INFO  [main] provisioning.MetamodelDataBinding loading schema chain...
25 Aug 2016 15:35:36,147 DEBUG [main] provisioning.AnnotationMetamodelAssembler processing package org.plasma.provisioning.example.org
25 Aug 2016 15:35:36,336 DEBUG [main] provisioning.AnnotationMetamodelAssembler created leaf package org.plasma.provisioning.example.org as http://org.plasma.provisioning.example.org
25 Aug 2016 15:35:36,336 DEBUG [main] provisioning.AnnotationMetamodelAssembler processing package org.plasma.provisioning.example.org
25 Aug 2016 15:35:36,336 DEBUG [main] provisioning.AnnotationMetamodelAssembler processing package org.plasma.provisioning.example.pers
25 Aug 2016 15:35:36,337 DEBUG [main] provisioning.AnnotationMetamodelAssembler created leaf package org.plasma.provisioning.example.pers as http://org.plasma.provisioning.example.pers
25 Aug 2016 15:35:36,337 DEBUG [main] provisioning.AnnotationMetamodelAssembler processing package org.plasma.provisioning.example.common
25 Aug 2016 15:35:36,338 DEBUG [main] provisioning.AnnotationMetamodelAssembler created leaf package org.plasma.provisioning.example.common as http://org.plasma.provisioning.example.common
25 Aug 2016 15:35:36,338 DEBUG [main] provisioning.AnnotationMetamodelAssembler discovered org.plasma.provisioning.example.org.Organization
25 Aug 2016 15:35:36,346 DEBUG [main] provisioning.AnnotationMetamodelAssembler initializing class: http://org.plasma.provisioning.example.org#Organization
25 Aug 2016 15:35:36,346 DEBUG [main] provisioning.AnnotationMetamodelAssembler discovered org.plasma.provisioning.example.org.Staples
25 Aug 2016 15:35:36,347 DEBUG [main] provisioning.AnnotationMetamodelAssembler initializing class: http://org.plasma.provisioning.example.org#Staples
25 Aug 2016 15:35:36,347 DEBUG [main] provisioning.AnnotationMetamodelAssembler discovered org.plasma.provisioning.example.pers.Person
25 Aug 2016 15:35:36,347 DEBUG [main] provisioning.AnnotationMetamodelAssembler initializing class: http://org.plasma.provisioning.example.pers#Person
25 Aug 2016 15:35:36,348 DEBUG [main] provisioning.AnnotationMetamodelAssembler discovered org.plasma.provisioning.example.common.Concurrent
25 Aug 2016 15:35:36,348 DEBUG [main] provisioning.AnnotationMetamodelAssembler initializing class: http://org.plasma.provisioning.example.common#Concurrent
25 Aug 2016 15:35:36,348 DEBUG [main] provisioning.AnnotationMetamodelAssembler processing class: http://org.plasma.provisioning.example.org#Organization
25 Aug 2016 15:35:36,355 DEBUG [main] provisioning.AnnotationMetamodelAssembler processing data field: http://org.plasma.provisioning.example.org#Organization.name
25 Aug 2016 15:35:36,367 DEBUG [main] config.PlasmaConfig initializing...
25 Aug 2016 15:35:36,373 DEBUG [main] config.PlasmaConfigDataBinding loading schema chain...
25 Aug 2016 15:35:36,814 DEBUG [main] config.PlasmaConfig loading known UML/XMI artifact, Plasma_SDO_Profile_v1_1.mdxml (http://www.magicdraw.com/schemas/Plasma_SDO_Profile.xmi)
25 Aug 2016 15:35:36,818 INFO  [main] fuml.Fuml loading artifact, Plasma_SDO_Profile_v1_1.mdxml
25 Aug 2016 15:35:36,891 INFO  [main] config.FumlConfiguration initializing...
25 Aug 2016 15:35:36,893 INFO  [main] config.FumlConfigDataBinding loading schema chain...
25 Aug 2016 15:35:36,959 INFO  [main] config.FumlConfiguration loading configuration, test-plasma-fuml-config.xml
25 Aug 2016 15:35:36,985 FATAL [main] bind.DefaultValidationEventHandler Line:Col:Offset[158:21:-1] - cvc-complex-type.2.4.b: The content of element 'cfg:Configuration' is not complete. One of '{LibraryConfiguration}' is expected.
25 Aug 2016 15:35:37,094 INFO  [main] model.InMemoryRepository initializing...
25 Aug 2016 15:35:37,097 INFO  [main] repository.RepositoryConfigDataBinding loading schema chain...
25 Aug 2016 15:35:37,131 INFO  [main] model.PrimitiveTypesAssembler initializing...
25 Aug 2016 15:35:37,152 INFO  [main] model.InfrastructureAssembler initializing...
25 Aug 2016 15:35:37,201 INFO  [main] model.SuperstructureAssembler initializing...
25 Aug 2016 15:35:37,232 INFO  [main] model.fUML_SyntaxAssembler initializing...
25 Aug 2016 15:35:37,237 INFO  [main] model.InMemoryRepository performing package merge...
25 Aug 2016 15:35:37,267 INFO  [main] model.InMemoryRepository cacheing classifier attributes and operations...
25 Aug 2016 15:35:37,297 INFO  [main] library.Library initializing...
25 Aug 2016 15:35:37,761 DEBUG [main] provisioning.AnnotationMetamodelAssembler processing data field: http://org.plasma.provisioning.example.org#Organization.type
25 Aug 2016 15:35:37,768 DEBUG [main] provisioning.AnnotationMetamodelAssembler processing reference field: http://org.plasma.provisioning.example.org#Organization.employees
25 Aug 2016 15:35:37,769 DEBUG [main] provisioning.AnnotationMetamodelAssembler processing class: http://org.plasma.provisioning.example.org#Staples
25 Aug 2016 15:35:37,769 DEBUG [main] provisioning.AnnotationMetamodelAssembler processing data field: http://org.plasma.provisioning.example.org#Staples.STAPLES_STORE_ID_
25 Aug 2016 15:35:37,770 DEBUG [main] provisioning.AnnotationMetamodelAssembler processing data field: http://org.plasma.provisioning.example.org#Staples.OTHER_NAMES
25 Aug 2016 15:35:37,771 DEBUG [main] provisioning.AnnotationMetamodelAssembler processing class: http://org.plasma.provisioning.example.pers#Person
25 Aug 2016 15:35:37,771 DEBUG [main] provisioning.AnnotationMetamodelAssembler processing data field: http://org.plasma.provisioning.example.pers#Person.name
25 Aug 2016 15:35:37,772 DEBUG [main] provisioning.AnnotationMetamodelAssembler processing data field: http://org.plasma.provisioning.example.pers#Person.age
25 Aug 2016 15:35:37,772 DEBUG [main] provisioning.AnnotationMetamodelAssembler processing data field: http://org.plasma.provisioning.example.pers#Person.dateOfBirth
25 Aug 2016 15:35:37,773 DEBUG [main] provisioning.AnnotationMetamodelAssembler processing reference field: http://org.plasma.provisioning.example.pers#Person.org
25 Aug 2016 15:35:37,775 DEBUG [main] provisioning.AnnotationMetamodelAssembler processing class: http://org.plasma.provisioning.example.common#Concurrent
25 Aug 2016 15:35:37,775 DEBUG [main] provisioning.AnnotationMetamodelAssembler processing data field: http://org.plasma.provisioning.example.common#Concurrent.createdDate
25 Aug 2016 15:35:37,776 DEBUG [main] provisioning.AnnotationMetamodelAssembler processing data field: http://org.plasma.provisioning.example.common#Concurrent.lastUpdatedBy
25 Aug 2016 15:35:37,777 DEBUG [main] provisioning.AnnotationMetamodelAssembler processing data field: http://org.plasma.provisioning.example.common#Concurrent.lastUpdatedDate
25 Aug 2016 15:35:37,782 DEBUG [main] adapter.ModelAdapter constructing...
25 Aug 2016 15:35:37,783 DEBUG [main] adapter.ModelAdapter mapping enumerations for package http://derived-artifact/2e61b986-7142-46c9-86fa-9097a3549b73 (org)
25 Aug 2016 15:35:37,784 DEBUG [main] adapter.ModelAdapter mapping enumerations for package null (plasma)
25 Aug 2016 15:35:37,784 DEBUG [main] adapter.ModelAdapter mapping enumerations for package null (provisioning)
25 Aug 2016 15:35:37,785 DEBUG [main] adapter.ModelAdapter mapping enumerations for package null (example)
25 Aug 2016 15:35:37,785 DEBUG [main] adapter.ModelAdapter mapping enumerations for package http://org.plasma.provisioning.example.org (org)
25 Aug 2016 15:35:37,785 DEBUG [main] adapter.ModelAdapter mapping enumeration: http://org.plasma.provisioning.example.org#OrgType
25 Aug 2016 15:35:37,787 DEBUG [main] adapter.ModelAdapter mapping enumerations for package http://org.plasma.provisioning.example.pers (pers)
25 Aug 2016 15:35:37,788 DEBUG [main] adapter.ModelAdapter mapping enumerations for package http://org.plasma.provisioning.example.common (common)
25 Aug 2016 15:35:37,789 DEBUG [main] adapter.ModelAdapter mapping class: http://org.plasma.provisioning.example.org#Organization
25 Aug 2016 15:35:37,789 DEBUG [main] adapter.ModelAdapter map: http://org.plasma.provisioning.example.org#Organization
25 Aug 2016 15:35:37,789 DEBUG [main] adapter.ModelAdapter mapping class: http://org.plasma.provisioning.example.org#Staples
25 Aug 2016 15:35:37,790 DEBUG [main] adapter.ModelAdapter map: http://org.plasma.provisioning.example.org#Staples
25 Aug 2016 15:35:37,790 DEBUG [main] adapter.ModelAdapter mapping class: http://org.plasma.provisioning.example.pers#Person
25 Aug 2016 15:35:37,790 DEBUG [main] adapter.ModelAdapter map: http://org.plasma.provisioning.example.pers#Person
25 Aug 2016 15:35:37,790 DEBUG [main] adapter.ModelAdapter mapping class: http://org.plasma.provisioning.example.common#Concurrent
25 Aug 2016 15:35:37,791 DEBUG [main] adapter.ModelAdapter map: http://org.plasma.provisioning.example.common#Concurrent
25 Aug 2016 15:35:37,791 DEBUG [main] adapter.ModelAdapter constructing class: http://org.plasma.provisioning.example.common#Concurrent
25 Aug 2016 15:35:37,792 DEBUG [main] adapter.ModelAdapter constructing class: http://org.plasma.provisioning.example.org#Staples
25 Aug 2016 15:35:37,792 DEBUG [main] adapter.ModelAdapter constructing class: http://org.plasma.provisioning.example.pers#Person
25 Aug 2016 15:35:37,792 DEBUG [main] adapter.ModelAdapter constructing class: http://org.plasma.provisioning.example.org#Organization
25 Aug 2016 15:35:37,792 DEBUG [main] adapter.ModelAdapter construct deep: http://org.plasma.provisioning.example.org#Staples
25 Aug 2016 15:35:37,793 DEBUG [main] adapter.ModelAdapter construct deep: http://org.plasma.provisioning.example.org#Staples
25 Aug 2016 15:35:37,796 INFO  [main] provisioning.MetamodelDataBinding loading schema chain...
25 Aug 2016 15:36:22,006 DEBUG [main] provisioning.AnnotationMetamodelAssembler processing package org.plasma.provisioning.example.org
25 Aug 2016 15:36:22,191 DEBUG [main] provisioning.AnnotationMetamodelAssembler created leaf package org.plasma.provisioning.example.org as http://org.plasma.provisioning.example.org
25 Aug 2016 15:36:22,192 DEBUG [main] provisioning.AnnotationMetamodelAssembler processing package org.plasma.provisioning.example.org
25 Aug 2016 15:36:22,193 DEBUG [main] provisioning.AnnotationMetamodelAssembler processing package org.plasma.provisioning.example.pers
25 Aug 2016 15:36:22,194 DEBUG [main] provisioning.AnnotationMetamodelAssembler created leaf package org.plasma.provisioning.example.pers as http://org.plasma.provisioning.example.pers
25 Aug 2016 15:36:22,194 DEBUG [main] provisioning.AnnotationMetamodelAssembler processing package org.plasma.provisioning.example.common
25 Aug 2016 15:36:22,195 DEBUG [main] provisioning.AnnotationMetamodelAssembler created leaf package org.plasma.provisioning.example.common as http://org.plasma.provisioning.example.common
25 Aug 2016 15:36:22,196 DEBUG [main] provisioning.AnnotationMetamodelAssembler discovered org.plasma.provisioning.example.org.Organization
25 Aug 2016 15:36:22,206 DEBUG [main] provisioning.AnnotationMetamodelAssembler initializing class: http://org.plasma.provisioning.example.org#Organization
25 Aug 2016 15:36:22,207 DEBUG [main] provisioning.AnnotationMetamodelAssembler discovered org.plasma.provisioning.example.org.Staples
25 Aug 2016 15:36:22,207 DEBUG [main] provisioning.AnnotationMetamodelAssembler initializing class: http://org.plasma.provisioning.example.org#Staples
25 Aug 2016 15:36:22,208 DEBUG [main] provisioning.AnnotationMetamodelAssembler discovered org.plasma.provisioning.example.pers.Person
25 Aug 2016 15:36:22,209 DEBUG [main] provisioning.AnnotationMetamodelAssembler initializing class: http://org.plasma.provisioning.example.pers#Person
25 Aug 2016 15:36:22,209 DEBUG [main] provisioning.AnnotationMetamodelAssembler discovered org.plasma.provisioning.example.common.Concurrent
25 Aug 2016 15:36:22,209 DEBUG [main] provisioning.AnnotationMetamodelAssembler initializing class: http://org.plasma.provisioning.example.common#Concurrent
25 Aug 2016 15:36:22,209 DEBUG [main] provisioning.AnnotationMetamodelAssembler processing class: http://org.plasma.provisioning.example.org#Organization
25 Aug 2016 15:36:22,216 DEBUG [main] provisioning.AnnotationMetamodelAssembler processing data field: http://org.plasma.provisioning.example.org#Organization.name
25 Aug 2016 15:36:22,224 DEBUG [main] config.PlasmaConfig initializing...
25 Aug 2016 15:36:22,231 DEBUG [main] config.PlasmaConfigDataBinding loading schema chain...
25 Aug 2016 15:36:22,686 DEBUG [main] config.PlasmaConfig loading known UML/XMI artifact, Plasma_SDO_Profile_v1_1.mdxml (http://www.magicdraw.com/schemas/Plasma_SDO_Profile.xmi)
25 Aug 2016 15:36:22,689 INFO  [main] fuml.Fuml loading artifact, Plasma_SDO_Profile_v1_1.mdxml
25 Aug 2016 15:36:22,760 INFO  [main] config.FumlConfiguration initializing...
25 Aug 2016 15:36:22,762 INFO  [main] config.FumlConfigDataBinding loading schema chain...
25 Aug 2016 15:36:22,821 INFO  [main] config.FumlConfiguration loading configuration, test-plasma-fuml-config.xml
25 Aug 2016 15:36:22,847 FATAL [main] bind.DefaultValidationEventHandler Line:Col:Offset[158:21:-1] - cvc-complex-type.2.4.b: The content of element 'cfg:Configuration' is not complete. One of '{LibraryConfiguration}' is expected.
25 Aug 2016 15:36:22,959 INFO  [main] model.InMemoryRepository initializing...
25 Aug 2016 15:36:22,961 INFO  [main] repository.RepositoryConfigDataBinding loading schema chain...
25 Aug 2016 15:36:22,994 INFO  [main] model.PrimitiveTypesAssembler initializing...
25 Aug 2016 15:36:23,014 INFO  [main] model.InfrastructureAssembler initializing...
25 Aug 2016 15:36:23,070 INFO  [main] model.SuperstructureAssembler initializing...
25 Aug 2016 15:36:23,108 INFO  [main] model.fUML_SyntaxAssembler initializing...
25 Aug 2016 15:36:23,113 INFO  [main] model.InMemoryRepository performing package merge...
25 Aug 2016 15:36:23,144 INFO  [main] model.InMemoryRepository cacheing classifier attributes and operations...
25 Aug 2016 15:36:23,174 INFO  [main] library.Library initializing...
25 Aug 2016 15:36:23,610 DEBUG [main] provisioning.AnnotationMetamodelAssembler processing data field: http://org.plasma.provisioning.example.org#Organization.type
25 Aug 2016 15:36:23,617 DEBUG [main] provisioning.AnnotationMetamodelAssembler processing reference field: http://org.plasma.provisioning.example.org#Organization.employees
25 Aug 2016 15:36:23,617 DEBUG [main] provisioning.AnnotationMetamodelAssembler processing class: http://org.plasma.provisioning.example.org#Staples
25 Aug 2016 15:36:23,618 DEBUG [main] provisioning.AnnotationMetamodelAssembler processing data field: http://org.plasma.provisioning.example.org#Staples.STAPLES_STORE_ID_
25 Aug 2016 15:36:23,618 DEBUG [main] provisioning.AnnotationMetamodelAssembler processing data field: http://org.plasma.provisioning.example.org#Staples.OTHER_NAMES
25 Aug 2016 15:36:23,618 DEBUG [main] provisioning.AnnotationMetamodelAssembler processing class: http://org.plasma.provisioning.example.pers#Person
25 Aug 2016 15:36:23,619 DEBUG [main] provisioning.AnnotationMetamodelAssembler processing data field: http://org.plasma.provisioning.example.pers#Person.name
25 Aug 2016 15:36:23,619 DEBUG [main] provisioning.AnnotationMetamodelAssembler processing data field: http://org.plasma.provisioning.example.pers#Person.age
25 Aug 2016 15:36:23,620 DEBUG [main] provisioning.AnnotationMetamodelAssembler processing data field: http://org.plasma.provisioning.example.pers#Person.dateOfBirth
25 Aug 2016 15:36:23,620 DEBUG [main] provisioning.AnnotationMetamodelAssembler processing reference field: http://org.plasma.provisioning.example.pers#Person.org
25 Aug 2016 15:36:23,620 DEBUG [main] provisioning.AnnotationMetamodelAssembler processing class: http://org.plasma.provisioning.example.common#Concurrent
25 Aug 2016 15:36:23,621 DEBUG [main] provisioning.AnnotationMetamodelAssembler processing data field: http://org.plasma.provisioning.example.common#Concurrent.createdDate
25 Aug 2016 15:36:23,622 DEBUG [main] provisioning.AnnotationMetamodelAssembler processing data field: http://org.plasma.provisioning.example.common#Concurrent.lastUpdatedBy
25 Aug 2016 15:36:23,623 DEBUG [main] provisioning.AnnotationMetamodelAssembler processing data field: http://org.plasma.provisioning.example.common#Concurrent.lastUpdatedDate
25 Aug 2016 15:36:23,629 DEBUG [main] adapter.ModelAdapter constructing...
25 Aug 2016 15:36:23,630 DEBUG [main] adapter.ModelAdapter mapping enumerations for package http://derived-artifact/c2cc65af-ec9a-4623-9c88-6bb4d510596c (org)
25 Aug 2016 15:36:23,631 DEBUG [main] adapter.ModelAdapter mapping enumerations for package null (plasma)
25 Aug 2016 15:36:23,631 DEBUG [main] adapter.ModelAdapter mapping enumerations for package null (provisioning)
25 Aug 2016 15:36:23,632 DEBUG [main] adapter.ModelAdapter mapping enumerations for package null (example)
25 Aug 2016 15:36:23,632 DEBUG [main] adapter.ModelAdapter mapping enumerations for package http://org.plasma.provisioning.example.org (org)
25 Aug 2016 15:36:23,633 DEBUG [main] adapter.ModelAdapter mapping enumeration: http://org.plasma.provisioning.example.org#OrgType
25 Aug 2016 15:36:23,634 DEBUG [main] adapter.ModelAdapter mapping enumerations for package http://org.plasma.provisioning.example.pers (pers)
25 Aug 2016 15:36:23,635 DEBUG [main] adapter.ModelAdapter mapping enumerations for package http://org.plasma.provisioning.example.common (common)
25 Aug 2016 15:36:23,635 DEBUG [main] adapter.ModelAdapter mapping class: http://org.plasma.provisioning.example.org#Organization
25 Aug 2016 15:36:23,635 DEBUG [main] adapter.ModelAdapter map: http://org.plasma.provisioning.example.org#Organization
25 Aug 2016 15:36:23,636 DEBUG [main] adapter.ModelAdapter mapping class: http://org.plasma.provisioning.example.org#Staples
25 Aug 2016 15:36:23,636 DEBUG [main] adapter.ModelAdapter map: http://org.plasma.provisioning.example.org#Staples
25 Aug 2016 15:36:23,636 DEBUG [main] adapter.ModelAdapter mapping class: http://org.plasma.provisioning.example.pers#Person
25 Aug 2016 15:36:23,636 DEBUG [main] adapter.ModelAdapter map: http://org.plasma.provisioning.example.pers#Person
25 Aug 2016 15:36:23,637 DEBUG [main] adapter.ModelAdapter mapping class: http://org.plasma.provisioning.example.common#Concurrent
25 Aug 2016 15:36:23,637 DEBUG [main] adapter.ModelAdapter map: http://org.plasma.provisioning.example.common#Concurrent
25 Aug 2016 15:36:23,637 DEBUG [main] adapter.ModelAdapter constructing class: http://org.plasma.provisioning.example.common#Concurrent
25 Aug 2016 15:36:23,638 DEBUG [main] adapter.ModelAdapter constructing class: http://org.plasma.provisioning.example.org#Staples
25 Aug 2016 15:36:23,638 DEBUG [main] adapter.ModelAdapter constructing class: http://org.plasma.provisioning.example.pers#Person
25 Aug 2016 15:36:23,638 DEBUG [main] adapter.ModelAdapter constructing class: http://org.plasma.provisioning.example.org#Organization
25 Aug 2016 15:36:23,638 DEBUG [main] adapter.ModelAdapter construct deep: http://org.plasma.provisioning.example.org#Staples
25 Aug 2016 15:36:23,639 DEBUG [main] adapter.ModelAdapter construct deep: http://org.plasma.provisioning.example.org#Staples
25 Aug 2016 15:36:23,644 INFO  [main] provisioning.MetamodelDataBinding loading schema chain...
25 Aug 2016 15:36:45,330 DEBUG [main] provisioning.AnnotationMetamodelAssembler processing package org.plasma.provisioning.example.common
25 Aug 2016 15:36:45,567 DEBUG [main] provisioning.AnnotationMetamodelAssembler created leaf package org.plasma.provisioning.example.common as http://org.plasma.provisioning.example.common
25 Aug 2016 15:36:45,567 DEBUG [main] provisioning.AnnotationMetamodelAssembler processing package org.plasma.provisioning.example.pers
25 Aug 2016 15:36:45,568 DEBUG [main] provisioning.AnnotationMetamodelAssembler created leaf package org.plasma.provisioning.example.pers as http://org.plasma.provisioning.example.pers
25 Aug 2016 15:36:45,569 DEBUG [main] provisioning.AnnotationMetamodelAssembler processing package org.plasma.provisioning.example.org
25 Aug 2016 15:36:45,570 DEBUG [main] provisioning.AnnotationMetamodelAssembler created leaf package org.plasma.provisioning.example.org as http://org.plasma.provisioning.example.org
25 Aug 2016 15:36:45,570 DEBUG [main] provisioning.AnnotationMetamodelAssembler processing package org.plasma.provisioning.example.org
25 Aug 2016 15:36:45,571 DEBUG [main] provisioning.AnnotationMetamodelAssembler discovered org.plasma.provisioning.example.common.Concurrent
25 Aug 2016 15:36:45,580 DEBUG [main] provisioning.AnnotationMetamodelAssembler initializing class: http://org.plasma.provisioning.example.common#Concurrent
25 Aug 2016 15:36:45,581 DEBUG [main] provisioning.AnnotationMetamodelAssembler discovered org.plasma.provisioning.example.pers.Person
25 Aug 2016 15:36:45,583 DEBUG [main] provisioning.AnnotationMetamodelAssembler initializing class: http://org.plasma.provisioning.example.pers#Person
25 Aug 2016 15:36:45,584 DEBUG [main] provisioning.AnnotationMetamodelAssembler discovered org.plasma.provisioning.example.org.Staples
25 Aug 2016 15:36:45,585 DEBUG [main] provisioning.AnnotationMetamodelAssembler initializing class: http://org.plasma.provisioning.example.org#Staples
25 Aug 2016 15:36:45,585 DEBUG [main] provisioning.AnnotationMetamodelAssembler discovered org.plasma.provisioning.example.org.Organization
25 Aug 2016 15:36:45,586 DEBUG [main] provisioning.AnnotationMetamodelAssembler initializing class: http://org.plasma.provisioning.example.org#Organization
25 Aug 2016 15:36:45,586 DEBUG [main] provisioning.AnnotationMetamodelAssembler processing class: http://org.plasma.provisioning.example.common#Concurrent
25 Aug 2016 15:36:45,591 DEBUG [main] provisioning.AnnotationMetamodelAssembler processing data field: http://org.plasma.provisioning.example.common#Concurrent.createdDate
25 Aug 2016 15:36:45,607 DEBUG [main] config.PlasmaConfig initializing...
25 Aug 2016 15:36:45,619 DEBUG [main] config.PlasmaConfigDataBinding loading schema chain...
25 Aug 2016 15:36:46,192 DEBUG [main] config.PlasmaConfig loading known UML/XMI artifact, Plasma_SDO_Profile_v1_1.mdxml (http://www.magicdraw.com/schemas/Plasma_SDO_Profile.xmi)
25 Aug 2016 15:36:46,196 INFO  [main] fuml.Fuml loading artifact, Plasma_SDO_Profile_v1_1.mdxml
25 Aug 2016 15:36:46,297 INFO  [main] config.FumlConfiguration initializing...
25 Aug 2016 15:36:46,300 INFO  [main] config.FumlConfigDataBinding loading schema chain...
25 Aug 2016 15:36:46,403 INFO  [main] config.FumlConfiguration loading configuration, test-plasma-fuml-config.xml
25 Aug 2016 15:36:46,431 FATAL [main] bind.DefaultValidationEventHandler Line:Col:Offset[158:21:-1] - cvc-complex-type.2.4.b: The content of element 'cfg:Configuration' is not complete. One of '{LibraryConfiguration}' is expected.
25 Aug 2016 15:36:46,622 INFO  [main] model.InMemoryRepository initializing...
25 Aug 2016 15:36:46,624 INFO  [main] repository.RepositoryConfigDataBinding loading schema chain...
25 Aug 2016 15:36:46,675 INFO  [main] model.PrimitiveTypesAssembler initializing...
25 Aug 2016 15:36:46,702 INFO  [main] model.InfrastructureAssembler initializing...
25 Aug 2016 15:36:46,777 INFO  [main] model.SuperstructureAssembler initializing...
25 Aug 2016 15:36:46,815 INFO  [main] model.fUML_SyntaxAssembler initializing...
25 Aug 2016 15:36:46,824 INFO  [main] model.InMemoryRepository performing package merge...
25 Aug 2016 15:36:46,871 INFO  [main] model.InMemoryRepository cacheing classifier attributes and operations...
25 Aug 2016 15:36:46,941 INFO  [main] library.Library initializing...
25 Aug 2016 15:36:47,609 DEBUG [main] provisioning.AnnotationMetamodelAssembler processing data field: http://org.plasma.provisioning.example.common#Concurrent.lastUpdatedBy
25 Aug 2016 15:36:47,609 DEBUG [main] provisioning.AnnotationMetamodelAssembler processing data field: http://org.plasma.provisioning.example.common#Concurrent.lastUpdatedDate
25 Aug 2016 15:36:47,610 DEBUG [main] provisioning.AnnotationMetamodelAssembler processing class: http://org.plasma.provisioning.example.pers#Person
25 Aug 2016 15:36:47,610 DEBUG [main] provisioning.AnnotationMetamodelAssembler processing data field: http://org.plasma.provisioning.example.pers#Person.name
25 Aug 2016 15:36:47,611 DEBUG [main] provisioning.AnnotationMetamodelAssembler processing data field: http://org.plasma.provisioning.example.pers#Person.age
25 Aug 2016 15:36:47,611 DEBUG [main] provisioning.AnnotationMetamodelAssembler processing data field: http://org.plasma.provisioning.example.pers#Person.dateOfBirth
25 Aug 2016 15:36:47,614 DEBUG [main] provisioning.AnnotationMetamodelAssembler processing reference field: http://org.plasma.provisioning.example.pers#Person.org
25 Aug 2016 15:36:47,615 DEBUG [main] provisioning.AnnotationMetamodelAssembler processing class: http://org.plasma.provisioning.example.org#Staples
25 Aug 2016 15:36:47,615 DEBUG [main] provisioning.AnnotationMetamodelAssembler processing data field: http://org.plasma.provisioning.example.org#Staples.STAPLES_STORE_ID_
25 Aug 2016 15:36:47,616 DEBUG [main] provisioning.AnnotationMetamodelAssembler processing data field: http://org.plasma.provisioning.example.org#Staples.OTHER_NAMES
25 Aug 2016 15:36:47,616 DEBUG [main] provisioning.AnnotationMetamodelAssembler processing class: http://org.plasma.provisioning.example.org#Organization
25 Aug 2016 15:36:47,619 DEBUG [main] provisioning.AnnotationMetamodelAssembler processing data field: http://org.plasma.provisioning.example.org#Organization.name
25 Aug 2016 15:36:47,623 DEBUG [main] provisioning.AnnotationMetamodelAssembler processing data field: http://org.plasma.provisioning.example.org#Organization.type
25 Aug 2016 15:36:47,629 DEBUG [main] provisioning.AnnotationMetamodelAssembler processing reference field: http://org.plasma.provisioning.example.org#Organization.employees
25 Aug 2016 15:36:47,632 DEBUG [main] adapter.ModelAdapter constructing...
25 Aug 2016 15:36:47,633 DEBUG [main] adapter.ModelAdapter mapping enumerations for package http://derived-artifact/d218d5d1-b905-42d1-a8dc-9d98c6f4f6ea (org)
25 Aug 2016 15:36:47,634 DEBUG [main] adapter.ModelAdapter mapping enumerations for package null (plasma)
25 Aug 2016 15:36:47,635 DEBUG [main] adapter.ModelAdapter mapping enumerations for package null (provisioning)
25 Aug 2016 15:36:47,635 DEBUG [main] adapter.ModelAdapter mapping enumerations for package null (example)
25 Aug 2016 15:36:47,635 DEBUG [main] adapter.ModelAdapter mapping enumerations for package http://org.plasma.provisioning.example.common (common)
25 Aug 2016 15:36:47,636 DEBUG [main] adapter.ModelAdapter mapping enumerations for package http://org.plasma.provisioning.example.pers (pers)
25 Aug 2016 15:36:47,636 DEBUG [main] adapter.ModelAdapter mapping enumerations for package http://org.plasma.provisioning.example.org (org)
25 Aug 2016 15:36:47,636 DEBUG [main] adapter.ModelAdapter mapping enumeration: http://org.plasma.provisioning.example.org#OrgType
25 Aug 2016 15:36:47,638 DEBUG [main] adapter.ModelAdapter mapping class: http://org.plasma.provisioning.example.common#Concurrent
25 Aug 2016 15:36:47,639 DEBUG [main] adapter.ModelAdapter map: http://org.plasma.provisioning.example.common#Concurrent
25 Aug 2016 15:36:47,639 DEBUG [main] adapter.ModelAdapter mapping class: http://org.plasma.provisioning.example.pers#Person
25 Aug 2016 15:36:47,639 DEBUG [main] adapter.ModelAdapter map: http://org.plasma.provisioning.example.pers#Person
25 Aug 2016 15:36:47,640 DEBUG [main] adapter.ModelAdapter mapping class: http://org.plasma.provisioning.example.org#Staples
25 Aug 2016 15:36:47,640 DEBUG [main] adapter.ModelAdapter map: http://org.plasma.provisioning.example.org#Staples
25 Aug 2016 15:36:47,640 DEBUG [main] adapter.ModelAdapter mapping class: http://org.plasma.provisioning.example.org#Organization
25 Aug 2016 15:36:47,641 DEBUG [main] adapter.ModelAdapter map: http://org.plasma.provisioning.example.org#Organization
25 Aug 2016 15:36:47,641 DEBUG [main] adapter.ModelAdapter constructing class: http://org.plasma.provisioning.example.common#Concurrent
25 Aug 2016 15:36:47,642 DEBUG [main] adapter.ModelAdapter constructing class: http://org.plasma.provisioning.example.org#Staples
25 Aug 2016 15:36:47,643 DEBUG [main] adapter.ModelAdapter constructing class: http://org.plasma.provisioning.example.pers#Person
25 Aug 2016 15:36:47,643 DEBUG [main] adapter.ModelAdapter constructing class: http://org.plasma.provisioning.example.org#Organization
25 Aug 2016 15:36:47,644 DEBUG [main] adapter.ModelAdapter construct deep: http://org.plasma.provisioning.example.org#Staples
25 Aug 2016 15:36:47,644 DEBUG [main] adapter.ModelAdapter construct deep: http://org.plasma.provisioning.example.org#Staples
25 Aug 2016 15:36:47,648 INFO  [main] provisioning.MetamodelDataBinding loading schema chain...
25 Aug 2016 15:39:12,305 DEBUG [main] provisioning.AnnotationMetamodelAssembler processing package org.plasma.provisioning.example.common
25 Aug 2016 15:39:12,495 DEBUG [main] provisioning.AnnotationMetamodelAssembler created leaf package org.plasma.provisioning.example.common as http://org.plasma.provisioning.example.common
25 Aug 2016 15:39:12,495 DEBUG [main] provisioning.AnnotationMetamodelAssembler processing package org.plasma.provisioning.example.pers
25 Aug 2016 15:39:12,496 DEBUG [main] provisioning.AnnotationMetamodelAssembler created leaf package org.plasma.provisioning.example.pers as http://org.plasma.provisioning.example.pers
25 Aug 2016 15:39:12,496 DEBUG [main] provisioning.AnnotationMetamodelAssembler processing package org.plasma.provisioning.example.org
25 Aug 2016 15:39:12,497 DEBUG [main] provisioning.AnnotationMetamodelAssembler created leaf package org.plasma.provisioning.example.org as http://org.plasma.provisioning.example.org
25 Aug 2016 15:39:12,497 DEBUG [main] provisioning.AnnotationMetamodelAssembler processing package org.plasma.provisioning.example.org
25 Aug 2016 15:39:12,497 DEBUG [main] provisioning.AnnotationMetamodelAssembler discovered org.plasma.provisioning.example.common.Concurrent
25 Aug 2016 15:39:12,504 DEBUG [main] provisioning.AnnotationMetamodelAssembler initializing class: http://org.plasma.provisioning.example.common#Concurrent
25 Aug 2016 15:39:12,504 DEBUG [main] provisioning.AnnotationMetamodelAssembler discovered org.plasma.provisioning.example.pers.Person
25 Aug 2016 15:39:12,506 DEBUG [main] provisioning.AnnotationMetamodelAssembler initializing class: http://org.plasma.provisioning.example.pers#Person
25 Aug 2016 15:39:12,506 DEBUG [main] provisioning.AnnotationMetamodelAssembler discovered org.plasma.provisioning.example.org.Staples
25 Aug 2016 15:39:12,507 DEBUG [main] provisioning.AnnotationMetamodelAssembler initializing class: http://org.plasma.provisioning.example.org#Staples
25 Aug 2016 15:39:12,507 DEBUG [main] provisioning.AnnotationMetamodelAssembler discovered org.plasma.provisioning.example.org.Organization
25 Aug 2016 15:39:12,507 DEBUG [main] provisioning.AnnotationMetamodelAssembler initializing class: http://org.plasma.provisioning.example.org#Organization
25 Aug 2016 15:39:12,507 DEBUG [main] provisioning.AnnotationMetamodelAssembler processing class: http://org.plasma.provisioning.example.common#Concurrent
25 Aug 2016 15:39:12,513 DEBUG [main] provisioning.AnnotationMetamodelAssembler processing data field: http://org.plasma.provisioning.example.common#Concurrent.createdDate
25 Aug 2016 15:39:12,524 DEBUG [main] config.PlasmaConfig initializing...
25 Aug 2016 15:39:12,532 DEBUG [main] config.PlasmaConfigDataBinding loading schema chain...
25 Aug 2016 15:39:13,017 DEBUG [main] config.PlasmaConfig loading known UML/XMI artifact, Plasma_SDO_Profile_v1_1.mdxml (http://www.magicdraw.com/schemas/Plasma_SDO_Profile.xmi)
25 Aug 2016 15:39:13,022 INFO  [main] fuml.Fuml loading artifact, Plasma_SDO_Profile_v1_1.mdxml
25 Aug 2016 15:39:13,097 INFO  [main] config.FumlConfiguration initializing...
25 Aug 2016 15:39:13,099 INFO  [main] config.FumlConfigDataBinding loading schema chain...
25 Aug 2016 15:39:13,166 INFO  [main] config.FumlConfiguration loading configuration, test-plasma-fuml-config.xml
25 Aug 2016 15:39:13,191 FATAL [main] bind.DefaultValidationEventHandler Line:Col:Offset[158:21:-1] - cvc-complex-type.2.4.b: The content of element 'cfg:Configuration' is not complete. One of '{LibraryConfiguration}' is expected.
25 Aug 2016 15:39:13,316 INFO  [main] model.InMemoryRepository initializing...
25 Aug 2016 15:39:13,318 INFO  [main] repository.RepositoryConfigDataBinding loading schema chain...
25 Aug 2016 15:39:13,354 INFO  [main] model.PrimitiveTypesAssembler initializing...
25 Aug 2016 15:39:13,376 INFO  [main] model.InfrastructureAssembler initializing...
25 Aug 2016 15:39:13,428 INFO  [main] model.SuperstructureAssembler initializing...
25 Aug 2016 15:39:13,459 INFO  [main] model.fUML_SyntaxAssembler initializing...
25 Aug 2016 15:39:13,465 INFO  [main] model.InMemoryRepository performing package merge...
25 Aug 2016 15:39:13,494 INFO  [main] model.InMemoryRepository cacheing classifier attributes and operations...
25 Aug 2016 15:39:13,527 INFO  [main] library.Library initializing...
25 Aug 2016 15:39:14,040 DEBUG [main] provisioning.AnnotationMetamodelAssembler processing data field: http://org.plasma.provisioning.example.common#Concurrent.lastUpdatedBy
25 Aug 2016 15:39:14,041 DEBUG [main] provisioning.AnnotationMetamodelAssembler processing data field: http://org.plasma.provisioning.example.common#Concurrent.lastUpdatedDate
25 Aug 2016 15:39:14,041 DEBUG [main] provisioning.AnnotationMetamodelAssembler processing class: http://org.plasma.provisioning.example.pers#Person
25 Aug 2016 15:39:14,042 DEBUG [main] provisioning.AnnotationMetamodelAssembler processing data field: http://org.plasma.provisioning.example.pers#Person.name
25 Aug 2016 15:39:14,044 DEBUG [main] provisioning.AnnotationMetamodelAssembler processing data field: http://org.plasma.provisioning.example.pers#Person.age
25 Aug 2016 15:39:14,045 DEBUG [main] provisioning.AnnotationMetamodelAssembler processing data field: http://org.plasma.provisioning.example.pers#Person.dateOfBirth
25 Aug 2016 15:39:14,049 DEBUG [main] provisioning.AnnotationMetamodelAssembler processing reference field: http://org.plasma.provisioning.example.pers#Person.org
25 Aug 2016 15:39:14,050 DEBUG [main] provisioning.AnnotationMetamodelAssembler processing class: http://org.plasma.provisioning.example.org#Staples
25 Aug 2016 15:39:14,050 DEBUG [main] provisioning.AnnotationMetamodelAssembler processing data field: http://org.plasma.provisioning.example.org#Staples.STAPLES_STORE_ID_
25 Aug 2016 15:39:14,051 DEBUG [main] provisioning.AnnotationMetamodelAssembler processing data field: http://org.plasma.provisioning.example.org#Staples.OTHER_NAMES
25 Aug 2016 15:39:14,051 DEBUG [main] provisioning.AnnotationMetamodelAssembler processing class: http://org.plasma.provisioning.example.org#Organization
25 Aug 2016 15:39:14,054 DEBUG [main] provisioning.AnnotationMetamodelAssembler processing data field: http://org.plasma.provisioning.example.org#Organization.name
25 Aug 2016 15:39:14,057 DEBUG [main] provisioning.AnnotationMetamodelAssembler processing data field: http://org.plasma.provisioning.example.org#Organization.type
25 Aug 2016 15:39:14,063 DEBUG [main] provisioning.AnnotationMetamodelAssembler processing reference field: http://org.plasma.provisioning.example.org#Organization.employees
25 Aug 2016 15:39:14,068 DEBUG [main] adapter.ModelAdapter constructing...
25 Aug 2016 15:39:14,069 DEBUG [main] adapter.ModelAdapter mapping enumerations for package http://derived-artifact/1f0752c0-66b1-4342-8fa6-c26ef52b85a6 (org)
25 Aug 2016 15:39:14,069 DEBUG [main] adapter.ModelAdapter mapping enumerations for package null (plasma)
25 Aug 2016 15:39:14,070 DEBUG [main] adapter.ModelAdapter mapping enumerations for package null (provisioning)
25 Aug 2016 15:39:14,070 DEBUG [main] adapter.ModelAdapter mapping enumerations for package null (example)
25 Aug 2016 15:39:14,071 DEBUG [main] adapter.ModelAdapter mapping enumerations for package http://org.plasma.provisioning.example.common (common)
25 Aug 2016 15:39:14,071 DEBUG [main] adapter.ModelAdapter mapping enumerations for package http://org.plasma.provisioning.example.pers (pers)
25 Aug 2016 15:39:14,071 DEBUG [main] adapter.ModelAdapter mapping enumerations for package http://org.plasma.provisioning.example.org (org)
25 Aug 2016 15:39:14,072 DEBUG [main] adapter.ModelAdapter mapping enumeration: http://org.plasma.provisioning.example.org#OrgType
25 Aug 2016 15:39:14,073 DEBUG [main] adapter.ModelAdapter mapping class: http://org.plasma.provisioning.example.common#Concurrent
25 Aug 2016 15:39:14,074 DEBUG [main] adapter.ModelAdapter map: http://org.plasma.provisioning.example.common#Concurrent
25 Aug 2016 15:39:14,074 DEBUG [main] adapter.ModelAdapter mapping class: http://org.plasma.provisioning.example.pers#Person
25 Aug 2016 15:39:14,074 DEBUG [main] adapter.ModelAdapter map: http://org.plasma.provisioning.example.pers#Person
25 Aug 2016 15:39:14,074 DEBUG [main] adapter.ModelAdapter mapping class: http://org.plasma.provisioning.example.org#Staples
25 Aug 2016 15:39:14,075 DEBUG [main] adapter.ModelAdapter map: http://org.plasma.provisioning.example.org#Staples
25 Aug 2016 15:39:14,075 DEBUG [main] adapter.ModelAdapter mapping class: http://org.plasma.provisioning.example.org#Organization
25 Aug 2016 15:39:14,075 DEBUG [main] adapter.ModelAdapter map: http://org.plasma.provisioning.example.org#Organization
25 Aug 2016 15:39:14,075 DEBUG [main] adapter.ModelAdapter constructing class: http://org.plasma.provisioning.example.common#Concurrent
25 Aug 2016 15:39:14,076 DEBUG [main] adapter.ModelAdapter constructing class: http://org.plasma.provisioning.example.org#Staples
25 Aug 2016 15:39:14,076 DEBUG [main] adapter.ModelAdapter constructing class: http://org.plasma.provisioning.example.pers#Person
25 Aug 2016 15:39:14,076 DEBUG [main] adapter.ModelAdapter constructing class: http://org.plasma.provisioning.example.org#Organization
25 Aug 2016 15:39:14,076 DEBUG [main] adapter.ModelAdapter construct deep: http://org.plasma.provisioning.example.org#Staples
25 Aug 2016 15:39:14,077 DEBUG [main] adapter.ModelAdapter construct deep: http://org.plasma.provisioning.example.org#Staples
25 Aug 2016 15:39:14,080 INFO  [main] provisioning.MetamodelDataBinding loading schema chain...
